<?xml version="1.0" encoding="UTF-8"?>
<!-- Generated by org.testng.reporters.JUnitReportReporter -->
<testsuite hostname="LAPTOP-DF2A4GKM" failures="0" tests="1" name="com.qa.crm.testcases.contactPageTest" time="11.684" errors="0" timestamp="2021-06-06T19:53:35 IST" skipped="0">
  <testcase classname="com.qa.crm.testcases.contactPageTest" name="deleteAllContats" time="11.684"/>
  <system-out/>
</testsuite> <!-- com.qa.crm.testcases.contactPageTest -->
