<?xml version="1.0" encoding="UTF-8"?>
<!-- Generated by org.testng.reporters.JUnitReportReporter -->
<testsuite hostname="LAPTOP-DF2A4GKM" failures="0" tests="1" name="com.qa.crm.testcases.TestAuthPopUp" time="3.814" errors="0" timestamp="2021-06-02T13:22:14 IST" skipped="0">
  <testcase classname="com.qa.crm.testcases.TestAuthPopUp" name="verifyHomePageTitleTest" time="3.814"/>
  <system-out/>
</testsuite> <!-- com.qa.crm.testcases.TestAuthPopUp -->
