<?xml version="1.0" encoding="UTF-8"?>
<!-- Generated by org.testng.reporters.JUnitReportReporter -->
<testsuite hostname="LAPTOP-DF2A4GKM" failures="0" tests="3" name="com.qa.crm.testcases.homePageTest" time="21.525" errors="0" timestamp="2021-05-31T16:54:37 IST" skipped="0">
  <testcase classname="com.qa.crm.testcases.homePageTest" name="verifyHomePageTitleTest" time="5.251"/>
  <system-out/>
  <testcase classname="com.qa.crm.testcases.homePageTest" name="verifyUserNameLabelTest" time="8.466"/>
  <system-out/>
  <testcase classname="com.qa.crm.testcases.homePageTest" name="verifyContactsLinkTest" time="7.808"/>
  <system-out/>
</testsuite> <!-- com.qa.crm.testcases.homePageTest -->
