<?xml version="1.0" encoding="UTF-8"?>
<!-- Generated by org.testng.reporters.JUnitReportReporter -->
<testsuite hostname="LAPTOP-DF2A4GKM" failures="0" tests="2" name="com.qa.crm.testcases.loginPageTest" time="14.729" errors="0" timestamp="2021-05-17T17:55:40 IST" skipped="0">
  <testcase classname="com.qa.crm.testcases.loginPageTest" name="loginPageTitle" time="4.723"/>
  <system-out/>
  <testcase classname="com.qa.crm.testcases.loginPageTest" name="logintest" time="10.006"/>
  <system-out/>
</testsuite> <!-- com.qa.crm.testcases.loginPageTest -->
