<?xml version="1.0" encoding="UTF-8"?>
<!-- Generated by org.testng.reporters.JUnitReportReporter -->
<testsuite hostname="LAPTOP-DF2A4GKM" failures="0" tests="1" name="com.qa.crm.testcases.loginPageTest" time="9.526" errors="0" timestamp="2021-05-31T16:54:37 IST" skipped="0">
  <testcase classname="com.qa.crm.testcases.loginPageTest" name="logintest" time="9.526"/>
  <system-out/>
</testsuite> <!-- com.qa.crm.testcases.loginPageTest -->
