<?xml version="1.0" encoding="UTF-8"?>
<!-- Generated by org.testng.reporters.JUnitReportReporter -->
<testsuite hostname="LAPTOP-DF2A4GKM" failures="0" tests="1" name="com.qa.crm.testcases.contactPageTest" time="14.784" errors="0" timestamp="2021-05-19T21:27:00 IST" skipped="0">
  <testcase classname="com.qa.crm.testcases.contactPageTest" name="verifyContactLabelTest" time="14.784"/>
  <system-out/>
</testsuite> <!-- com.qa.crm.testcases.contactPageTest -->
